{"/home/runner/work/Agenctic-AI-Powered-Workflows/Agenctic-AI-Powered-Workflows/demo-app/server.js": {"path":"/home/runner/work/Agenctic-AI-Powered-Workflows/Agenctic-AI-Powered-Workflows/demo-app/server.js","statementMap":{"0":{"start":{"line":4,"column":16},"end":{"line":4,"column":34}},"1":{"start":{"line":5,"column":11},"end":{"line":5,"column":24}},"2":{"start":{"line":6,"column":13},"end":{"line":6,"column":28}},"3":{"start":{"line":7,"column":17},"end":{"line":7,"column":41}},"4":{"start":{"line":8,"column":10},"end":{"line":8,"column":27}},"5":{"start":{"line":9,"column":12},"end":{"line":9,"column":35}},"6":{"start":{"line":10,"column":12},"end":{"line":10,"column":26}},"7":{"start":{"line":11,"column":15},"end":{"line":11,"column":32}},"8":{"start":{"line":12,"column":13},"end":{"line":12,"column":31}},"9":{"start":{"line":13,"column":14},"end":{"line":13,"column":30}},"10":{"start":{"line":14,"column":14},"end":{"line":14,"column":35}},"11":{"start":{"line":15,"column":17},"end":{"line":15,"column":36}},"12":{"start":{"line":17,"column":12},"end":{"line":17,"column":21}},"13":{"start":{"line":20,"column":16},"end":{"line":20,"column":50}},"14":{"start":{"line":22,"column":20},"end":{"line":22,"column":47}},"15":{"start":{"line":27,"column":2},"end":{"line":27,"column":43}},"16":{"start":{"line":32,"column":0},"end":{"line":39,"column":3}},"17":{"start":{"line":33,"column":17},"end":{"line":33,"column":29}},"18":{"start":{"line":34,"column":16},"end":{"line":34,"column":58}},"19":{"start":{"line":35,"column":2},"end":{"line":38,"column":5}},"20":{"start":{"line":36,"column":4},"end":{"line":36,"column":59}},"21":{"start":{"line":36,"column":13},"end":{"line":36,"column":59}},"22":{"start":{"line":37,"column":4},"end":{"line":37,"column":21}},"23":{"start":{"line":43,"column":0},"end":{"line":50,"column":3}},"24":{"start":{"line":44,"column":19},"end":{"line":44,"column":33}},"25":{"start":{"line":45,"column":19},"end":{"line":45,"column":60}},"26":{"start":{"line":46,"column":2},"end":{"line":49,"column":5}},"27":{"start":{"line":47,"column":4},"end":{"line":47,"column":59}},"28":{"start":{"line":47,"column":13},"end":{"line":47,"column":59}},"29":{"start":{"line":48,"column":4},"end":{"line":48,"column":19}},"30":{"start":{"line":54,"column":0},"end":{"line":57,"column":3}},"31":{"start":{"line":55,"column":16},"end":{"line":55,"column":27}},"32":{"start":{"line":56,"column":2},"end":{"line":56,"column":81}},"33":{"start":{"line":61,"column":0},"end":{"line":68,"column":3}},"34":{"start":{"line":62,"column":20},"end":{"line":62,"column":33}},"35":{"start":{"line":64,"column":2},"end":{"line":67,"column":5}},"36":{"start":{"line":65,"column":4},"end":{"line":65,"column":59}},"37":{"start":{"line":65,"column":13},"end":{"line":65,"column":59}},"38":{"start":{"line":66,"column":4},"end":{"line":66,"column":42}},"39":{"start":{"line":71,"column":0},"end":{"line":73,"column":3}},"40":{"start":{"line":72,"column":2},"end":{"line":72,"column":66}},"41":{"start":{"line":76,"column":0},"end":{"line":82,"column":3}},"42":{"start":{"line":77,"column":19},"end":{"line":77,"column":49}},"43":{"start":{"line":78,"column":20},"end":{"line":78,"column":34}},"44":{"start":{"line":80,"column":17},"end":{"line":80,"column":56}},"45":{"start":{"line":81,"column":2},"end":{"line":81,"column":19}},"46":{"start":{"line":86,"column":0},"end":{"line":90,"column":3}},"47":{"start":{"line":87,"column":19},"end":{"line":87,"column":36}},"48":{"start":{"line":88,"column":16},"end":{"line":88,"column":67}},"49":{"start":{"line":89,"column":2},"end":{"line":89,"column":22}},"50":{"start":{"line":92,"column":0},"end":{"line":97,"column":3}},"51":{"start":{"line":93,"column":16},"end":{"line":93,"column":31}},"52":{"start":{"line":95,"column":18},"end":{"line":95,"column":45}},"53":{"start":{"line":96,"column":2},"end":{"line":96,"column":20}},"54":{"start":{"line":101,"column":0},"end":{"line":106,"column":3}},"55":{"start":{"line":102,"column":19},"end":{"line":102,"column":37}},"56":{"start":{"line":103,"column":15},"end":{"line":103,"column":40}},"57":{"start":{"line":104,"column":17},"end":{"line":104,"column":53}},"58":{"start":{"line":105,"column":2},"end":{"line":105,"column":19}},"59":{"start":{"line":110,"column":0},"end":{"line":114,"column":3}},"60":{"start":{"line":111,"column":19},"end":{"line":111,"column":31}},"61":{"start":{"line":112,"column":15},"end":{"line":112,"column":31}},"62":{"start":{"line":113,"column":2},"end":{"line":113,"column":53}},"63":{"start":{"line":118,"column":0},"end":{"line":122,"column":3}},"64":{"start":{"line":119,"column":18},"end":{"line":119,"column":34}},"65":{"start":{"line":120,"column":17},"end":{"line":120,"column":35}},"66":{"start":{"line":121,"column":2},"end":{"line":121,"column":19}},"67":{"start":{"line":126,"column":0},"end":{"line":133,"column":3}},"68":{"start":{"line":127,"column":14},"end":{"line":127,"column":27}},"69":{"start":{"line":128,"column":2},"end":{"line":132,"column":5}},"70":{"start":{"line":129,"column":4},"end":{"line":129,"column":63}},"71":{"start":{"line":131,"column":4},"end":{"line":131,"column":49}},"72":{"start":{"line":137,"column":0},"end":{"line":141,"column":3}},"73":{"start":{"line":138,"column":18},"end":{"line":138,"column":62}},"74":{"start":{"line":139,"column":23},"end":{"line":139,"column":66}},"75":{"start":{"line":140,"column":2},"end":{"line":140,"column":40}},"76":{"start":{"line":145,"column":13},"end":{"line":145,"column":44}},"77":{"start":{"line":146,"column":0},"end":{"line":146,"column":38}},"78":{"start":{"line":148,"column":13},"end":{"line":148,"column":37}},"79":{"start":{"line":151,"column":0},"end":{"line":156,"column":1}},"80":{"start":{"line":152,"column":2},"end":{"line":155,"column":5}},"81":{"start":{"line":153,"column":4},"end":{"line":153,"column":54}},"82":{"start":{"line":154,"column":4},"end":{"line":154,"column":39}},"83":{"start":{"line":158,"column":0},"end":{"line":158,"column":21}}},"fnMap":{"0":{"name":"queryDatabase","decl":{"start":{"line":25,"column":9},"end":{"line":25,"column":22}},"loc":{"start":{"line":25,"column":39},"end":{"line":28,"column":1}},"line":25},"1":{"name":"(anonymous_1)","decl":{"start":{"line":32,"column":22},"end":{"line":32,"column":23}},"loc":{"start":{"line":32,"column":36},"end":{"line":39,"column":1}},"line":32},"2":{"name":"(anonymous_2)","decl":{"start":{"line":35,"column":23},"end":{"line":35,"column":24}},"loc":{"start":{"line":35,"column":40},"end":{"line":38,"column":3}},"line":35},"3":{"name":"(anonymous_3)","decl":{"start":{"line":43,"column":22},"end":{"line":43,"column":23}},"loc":{"start":{"line":43,"column":36},"end":{"line":50,"column":1}},"line":43},"4":{"name":"(anonymous_4)","decl":{"start":{"line":46,"column":32},"end":{"line":46,"column":33}},"loc":{"start":{"line":46,"column":47},"end":{"line":49,"column":3}},"line":46},"5":{"name":"(anonymous_5)","decl":{"start":{"line":54,"column":19},"end":{"line":54,"column":20}},"loc":{"start":{"line":54,"column":33},"end":{"line":57,"column":1}},"line":54},"6":{"name":"(anonymous_6)","decl":{"start":{"line":61,"column":21},"end":{"line":61,"column":22}},"loc":{"start":{"line":61,"column":35},"end":{"line":68,"column":1}},"line":61},"7":{"name":"(anonymous_7)","decl":{"start":{"line":64,"column":30},"end":{"line":64,"column":31}},"loc":{"start":{"line":64,"column":55},"end":{"line":67,"column":3}},"line":64},"8":{"name":"(anonymous_8)","decl":{"start":{"line":71,"column":23},"end":{"line":71,"column":24}},"loc":{"start":{"line":71,"column":37},"end":{"line":73,"column":1}},"line":71},"9":{"name":"(anonymous_9)","decl":{"start":{"line":76,"column":22},"end":{"line":76,"column":23}},"loc":{"start":{"line":76,"column":36},"end":{"line":82,"column":1}},"line":76},"10":{"name":"(anonymous_10)","decl":{"start":{"line":86,"column":23},"end":{"line":86,"column":24}},"loc":{"start":{"line":86,"column":37},"end":{"line":90,"column":1}},"line":86},"11":{"name":"(anonymous_11)","decl":{"start":{"line":92,"column":29},"end":{"line":92,"column":30}},"loc":{"start":{"line":92,"column":43},"end":{"line":97,"column":1}},"line":92},"12":{"name":"(anonymous_12)","decl":{"start":{"line":101,"column":23},"end":{"line":101,"column":24}},"loc":{"start":{"line":101,"column":37},"end":{"line":106,"column":1}},"line":101},"13":{"name":"(anonymous_13)","decl":{"start":{"line":110,"column":24},"end":{"line":110,"column":25}},"loc":{"start":{"line":110,"column":38},"end":{"line":114,"column":1}},"line":110},"14":{"name":"(anonymous_14)","decl":{"start":{"line":118,"column":28},"end":{"line":118,"column":29}},"loc":{"start":{"line":118,"column":42},"end":{"line":122,"column":1}},"line":118},"15":{"name":"(anonymous_15)","decl":{"start":{"line":126,"column":22},"end":{"line":126,"column":23}},"loc":{"start":{"line":126,"column":36},"end":{"line":133,"column":1}},"line":126},"16":{"name":"(anonymous_16)","decl":{"start":{"line":128,"column":22},"end":{"line":128,"column":23}},"loc":{"start":{"line":128,"column":36},"end":{"line":130,"column":3}},"line":128},"17":{"name":"(anonymous_17)","decl":{"start":{"line":130,"column":11},"end":{"line":130,"column":12}},"loc":{"start":{"line":130,"column":20},"end":{"line":132,"column":3}},"line":130},"18":{"name":"(anonymous_18)","decl":{"start":{"line":137,"column":29},"end":{"line":137,"column":30}},"loc":{"start":{"line":137,"column":43},"end":{"line":141,"column":1}},"line":137},"19":{"name":"(anonymous_19)","decl":{"start":{"line":152,"column":19},"end":{"line":152,"column":20}},"loc":{"start":{"line":152,"column":25},"end":{"line":155,"column":3}},"line":152}},"branchMap":{"0":{"loc":{"start":{"line":36,"column":4},"end":{"line":36,"column":59}},"type":"if","locations":[{"start":{"line":36,"column":4},"end":{"line":36,"column":59}},{"start":{},"end":{}}],"line":36},"1":{"loc":{"start":{"line":47,"column":4},"end":{"line":47,"column":59}},"type":"if","locations":[{"start":{"line":47,"column":4},"end":{"line":47,"column":59}},{"start":{},"end":{}}],"line":47},"2":{"loc":{"start":{"line":65,"column":4},"end":{"line":65,"column":59}},"type":"if","locations":[{"start":{"line":65,"column":4},"end":{"line":65,"column":59}},{"start":{},"end":{}}],"line":65},"3":{"loc":{"start":{"line":78,"column":20},"end":{"line":78,"column":34}},"type":"binary-expr","locations":[{"start":{"line":78,"column":20},"end":{"line":78,"column":28}},{"start":{"line":78,"column":32},"end":{"line":78,"column":34}}],"line":78},"4":{"loc":{"start":{"line":103,"column":15},"end":{"line":103,"column":40}},"type":"binary-expr","locations":[{"start":{"line":103,"column":15},"end":{"line":103,"column":29}},{"start":{"line":103,"column":33},"end":{"line":103,"column":40}}],"line":103},"5":{"loc":{"start":{"line":148,"column":13},"end":{"line":148,"column":37}},"type":"binary-expr","locations":[{"start":{"line":148,"column":13},"end":{"line":148,"column":29}},{"start":{"line":148,"column":33},"end":{"line":148,"column":37}}],"line":148},"6":{"loc":{"start":{"line":151,"column":0},"end":{"line":156,"column":1}},"type":"if","locations":[{"start":{"line":151,"column":0},"end":{"line":156,"column":1}},{"start":{},"end":{}}],"line":151}},"s":{"0":1,"1":1,"2":1,"3":1,"4":1,"5":1,"6":1,"7":1,"8":1,"9":1,"10":1,"11":1,"12":1,"13":1,"14":1,"15":1,"16":1,"17":1,"18":1,"19":1,"20":1,"21":0,"22":1,"23":1,"24":1,"25":1,"26":1,"27":1,"28":1,"29":0,"30":1,"31":1,"32":1,"33":1,"34":0,"35":0,"36":0,"37":0,"38":0,"39":1,"40":1,"41":1,"42":1,"43":1,"44":1,"45":1,"46":1,"47":0,"48":0,"49":0,"50":1,"51":0,"52":0,"53":0,"54":1,"55":1,"56":1,"57":1,"58":1,"59":1,"60":1,"61":1,"62":1,"63":1,"64":0,"65":0,"66":0,"67":1,"68":0,"69":0,"70":0,"71":0,"72":1,"73":0,"74":0,"75":0,"76":1,"77":1,"78":1,"79":1,"80":0,"81":0,"82":0,"83":1},"f":{"0":1,"1":1,"2":1,"3":1,"4":1,"5":1,"6":0,"7":0,"8":1,"9":1,"10":0,"11":0,"12":1,"13":1,"14":0,"15":0,"16":0,"17":0,"18":0,"19":0},"b":{"0":[0,1],"1":[1,0],"2":[0,0],"3":[1,1],"4":[1,0],"5":[1,1],"6":[0,1]},"_coverageSchema":"1a1c01bbd47fc00a2c39e90264f33305004495a9","hash":"b5caba08c7caa841ab9efe01cb329dd1d87ff787"}
}
