TN:
SF:server.js
FN:25,queryDatabase
FN:32,(anonymous_1)
FN:35,(anonymous_2)
FN:43,(anonymous_3)
FN:46,(anonymous_4)
FN:54,(anonymous_5)
FN:61,(anonymous_6)
FN:64,(anonymous_7)
FN:71,(anonymous_8)
FN:76,(anonymous_9)
FN:86,(anonymous_10)
FN:92,(anonymous_11)
FN:101,(anonymous_12)
FN:110,(anonymous_13)
FN:118,(anonymous_14)
FN:126,(anonymous_15)
FN:128,(anonymous_16)
FN:130,(anonymous_17)
FN:137,(anonymous_18)
FN:152,(anonymous_19)
FNF:20
FNH:10
FNDA:1,queryDatabase
FNDA:1,(anonymous_1)
FNDA:1,(anonymous_2)
FNDA:1,(anonymous_3)
FNDA:1,(anonymous_4)
FNDA:1,(anonymous_5)
FNDA:0,(anonymous_6)
FNDA:0,(anonymous_7)
FNDA:1,(anonymous_8)
FNDA:1,(anonymous_9)
FNDA:0,(anonymous_10)
FNDA:0,(anonymous_11)
FNDA:1,(anonymous_12)
FNDA:1,(anonymous_13)
FNDA:0,(anonymous_14)
FNDA:0,(anonymous_15)
FNDA:0,(anonymous_16)
FNDA:0,(anonymous_17)
FNDA:0,(anonymous_18)
FNDA:0,(anonymous_19)
DA:4,1
DA:5,1
DA:6,1
DA:7,1
DA:8,1
DA:9,1
DA:10,1
DA:11,1
DA:12,1
DA:13,1
DA:14,1
DA:15,1
DA:17,1
DA:20,1
DA:22,1
DA:27,1
DA:32,1
DA:33,1
DA:34,1
DA:35,1
DA:36,1
DA:37,1
DA:43,1
DA:44,1
DA:45,1
DA:46,1
DA:47,1
DA:48,0
DA:54,1
DA:55,1
DA:56,1
DA:61,1
DA:62,0
DA:64,0
DA:65,0
DA:66,0
DA:71,1
DA:72,1
DA:76,1
DA:77,1
DA:78,1
DA:80,1
DA:81,1
DA:86,1
DA:87,0
DA:88,0
DA:89,0
DA:92,1
DA:93,0
DA:95,0
DA:96,0
DA:101,1
DA:102,1
DA:103,1
DA:104,1
DA:105,1
DA:110,1
DA:111,1
DA:112,1
DA:113,1
DA:118,1
DA:119,0
DA:120,0
DA:121,0
DA:126,1
DA:127,0
DA:128,0
DA:129,0
DA:131,0
DA:137,1
DA:138,0
DA:139,0
DA:140,0
DA:145,1
DA:146,1
DA:148,1
DA:151,1
DA:152,0
DA:153,0
DA:154,0
DA:158,1
LF:81
LH:57
BRDA:36,0,0,0
BRDA:36,0,1,1
BRDA:47,1,0,1
BRDA:47,1,1,0
BRDA:65,2,0,0
BRDA:65,2,1,0
BRDA:78,3,0,1
BRDA:78,3,1,1
BRDA:103,4,0,1
BRDA:103,4,1,0
BRDA:148,5,0,1
BRDA:148,5,1,1
BRDA:151,6,0,0
BRDA:151,6,1,1
BRF:14
BRH:8
end_of_record
